=== reddit_scraper run at 2026-01-31T05:47:58.173440 ===

STDOUT:
Starting Reddit scrape at 2026-01-31T05:43:07.521698
Searching r/LawFirm for 'lead generation'...
Searching r/LawFirm for 'PI leads'...
Searching r/LawFirm for 'personal injury leads'...
Searching r/LawFirm for 'MVA leads'...
Searching r/LawFirm for 'legal leads'...
Searching r/LawFirm for 'lawyer marketing'...
Searching r/LawFirm for 'law firm marketing'...
Searching r/LawFirm for 'intake service'...
Searching r/LawFirm for 'lead vendor'...
Searching r/LawFirm for 'buying leads'...
Searching r/LawFirm for 'case leads'...
Searching r/LawFirm for 'Martindale'...
Searching r/LawFirm for 'Avvo'...
Searching r/LawFirm for 'FindLaw'...
Searching r/LawFirm for 'Scorpion'...
Searching r/LawFirm for 'mass tort leads'...
Searching r/lawyers for 'lead generation'...
Searching r/lawyers for 'PI leads'...
Searching r/lawyers for 'personal injury leads'...
Searching r/lawyers for 'MVA leads'...
Searching r/lawyers for 'legal leads'...
Searching r/lawyers for 'lawyer marketing'...
Searching r/lawyers for 'law firm marketing'...
Searching r/lawyers for 'intake service'...
Searching r/lawyers for 'lead vendor'...
Searching r/lawyers for 'buying leads'...
Searching r/lawyers for 'case leads'...
Searching r/lawyers for 'Martindale'...
Searching r/lawyers for 'Avvo'...
Searching r/lawyers for 'FindLaw'...
Searching r/lawyers for 'Scorpion'...
Searching r/lawyers for 'mass tort leads'...
Searching r/Lawyertalk for 'lead generation'...
Searching r/Lawyertalk for 'PI leads'...
Searching r/Lawyertalk for 'personal injury leads'...
Searching r/Lawyertalk for 'MVA leads'...
Searching r/Lawyertalk for 'legal leads'...
Searching r/Lawyertalk for 'lawyer marketing'...
Searching r/Lawyertalk for 'law firm marketing'...
Searching r/Lawyertalk for 'intake service'...
Searching r/Lawyertalk for 'lead vendor'...
Searching r/Lawyertalk for 'buying leads'...
Searching r/Lawyertalk for 'case leads'...
Searching r/Lawyertalk for 'Martindale'...
Searching r/Lawyertalk for 'Avvo'...
Searching r/Lawyertalk for 'FindLaw'...
Searching r/Lawyertalk for 'Scorpion'...
Searching r/Lawyertalk for 'mass tort leads'...
Searching r/legal for 'lead generation'...
Searching r/legal for 'PI leads'...
Searching r/legal for 'personal injury leads'...
Searching r/legal for 'MVA leads'...
Searching r/legal for 'legal leads'...
Searching r/legal for 'lawyer marketing'...
Searching r/legal for 'law firm marketing'...
Searching r/legal for 'intake service'...
Searching r/legal for 'lead vendor'...
Searching r/legal for 'buying leads'...
Searching r/legal for 'case leads'...
Searching r/legal for 'Martindale'...
Searching r/legal for 'Avvo'...
Searching r/legal for 'FindLaw'...
Searching r/legal for 'Scorpion'...
Searching r/legal for 'mass tort leads'...
Searching r/personalinjury for 'lead generation'...
Searching r/personalinjury for 'PI leads'...
Searching r/personalinjury for 'personal injury leads'...
Searching r/personalinjury for 'MVA leads'...
Searching r/personalinjury for 'legal leads'...
Searching r/personalinjury for 'lawyer marketing'...
Searching r/personalinjury for 'law firm marketing'...
Searching r/personalinjury for 'intake service'...
Searching r/personalinjury for 'lead vendor'...
Searching r/personalinjury for 'buying leads'...
Searching r/personalinjury for 'case leads'...
Searching r/personalinjury for 'Martindale'...
Searching r/personalinjury for 'Avvo'...
Searching r/personalinjury for 'FindLaw'...
Searching r/personalinjury for 'Scorpion'...
Searching r/personalinjury for 'mass tort leads'...
Searching r/Insurance for 'lead generation'...
Searching r/Insurance for 'PI leads'...
Searching r/Insurance for 'personal injury leads'...
Searching r/Insurance for 'MVA leads'...
Searching r/Insurance for 'legal leads'...
Searching r/Insurance for 'lawyer marketing'...
Searching r/Insurance for 'law firm marketing'...
Searching r/Insurance for 'intake service'...
Searching r/Insurance for 'lead vendor'...
Searching r/Insurance for 'buying leads'...
Searching r/Insurance for 'case leads'...
Searching r/Insurance for 'Martindale'...
Searching r/Insurance for 'Avvo'...
Searching r/Insurance for 'FindLaw'...
Searching r/Insurance for 'Scorpion'...
Searching r/Insurance for 'mass tort leads'...
Searching r/marketing for 'lead generation'...
Searching r/marketing for 'PI leads'...
Searching r/marketing for 'personal injury leads'...
Searching r/marketing for 'MVA leads'...
Searching r/marketing for 'legal leads'...
Searching r/marketing for 'lawyer marketing'...
Searching r/marketing for 'law firm marketing'...
Searching r/marketing for 'intake service'...
Searching r/marketing for 'lead vendor'...
Searching r/marketing for 'buying leads'...
Searching r/marketing for 'case leads'...
Searching r/marketing for 'Martindale'...
Searching r/marketing for 'Avvo'...
Searching r/marketing for 'FindLaw'...
Searching r/marketing for 'Scorpion'...
Searching r/marketing for 'mass tort leads'...
Searching r/PPC for 'lead generation'...
Searching r/PPC for 'PI leads'...
Searching r/PPC for 'personal injury leads'...
Searching r/PPC for 'MVA leads'...
Searching r/PPC for 'legal leads'...
Searching r/PPC for 'lawyer marketing'...
Searching r/PPC for 'law firm marketing'...
Searching r/PPC for 'intake service'...
Searching r/PPC for 'lead vendor'...
Searching r/PPC for 'buying leads'...
Searching r/PPC for 'case leads'...
Searching r/PPC for 'Martindale'...
Searching r/PPC for 'Avvo'...
Searching r/PPC for 'FindLaw'...
Searching r/PPC for 'Scorpion'...
Searching r/PPC for 'mass tort leads'...
Searching r/digitalmarketing for 'lead generation'...
Searching r/digitalmarketing for 'PI leads'...
Searching r/digitalmarketing for 'personal injury leads'...
Searching r/digitalmarketing for 'MVA leads'...
Searching r/digitalmarketing for 'legal leads'...
Searching r/digitalmarketing for 'lawyer marketing'...
Searching r/digitalmarketing for 'law firm marketing'...
Searching r/digitalmarketing for 'intake service'...
Searching r/digitalmarketing for 'lead vendor'...
Searching r/digitalmarketing for 'buying leads'...
Searching r/digitalmarketing for 'case leads'...
Searching r/digitalmarketing for 'Martindale'...
Searching r/digitalmarketing for 'Avvo'...
Searching r/digitalmarketing for 'FindLaw'...
Searching r/digitalmarketing for 'Scorpion'...
Searching r/digitalmarketing for 'mass tort leads'...

Scrape complete!
Posts collected: 0
Comments collected: 0
Saved to: /home/ec2-user/clawd/projects/vendor-db/data


STDERR:


Return code: 0