[2026-02-02T07:28:44.534206] ==================================================
[2026-02-02T07:28:44.534491] Token Manager - Starting check
[2026-02-02T07:28:44.534579] ==================================================
[2026-02-02T07:28:44.534740] 🔄 gcal: Token expiring soon, refreshing...
[2026-02-02T07:28:44.534835] ❌ gcal: Client credentials not found!
[2026-02-02T07:28:44.534905] 🚨 ALERT: gcal needs attention - no_client_creds
[2026-02-02T07:28:44.723345] ✅ cloudflare: API key valid
[2026-02-02T07:28:44.943954] ✅ notion: API key valid
[2026-02-02T07:28:44.944573] ⚠️ x_twitter: No API key found in file!
[2026-02-02T07:28:44.944633] 🚨 ALERT: x_twitter needs attention - no_key
[2026-02-02T07:28:45.025759] ⚠️ ghl: API returned 404
[2026-02-02T07:28:45.026490] ==================================================
[2026-02-02T07:28:45.026544] Token Manager - Check complete
[2026-02-02T07:28:45.026579] ==================================================
[2026-02-02T13:58:01.136430] ==================================================
[2026-02-02T13:58:01.136575] Token Manager - Starting check
[2026-02-02T13:58:01.136620] ==================================================
[2026-02-02T13:58:01.136755] ⚠️ gcal: Token EXPIRED at 2026-02-02 07:42:05.421633+00:00
[2026-02-02T13:58:01.136816] ❌ gcal: Client credentials not found!
[2026-02-02T13:58:01.136856] 🚨 ALERT: gcal needs attention - no_client_creds
[2026-02-02T13:58:01.300912] ✅ cloudflare: API key valid
[2026-02-02T13:58:01.552859] ✅ notion: API key valid
[2026-02-02T13:58:01.553510] ⚠️ x_twitter: No API key found in file!
[2026-02-02T13:58:01.553567] 🚨 ALERT: x_twitter needs attention - no_key
[2026-02-02T13:58:01.632095] ⚠️ ghl: API returned 404
[2026-02-02T13:58:01.632969] ==================================================
[2026-02-02T13:58:01.633034] Token Manager - Check complete
[2026-02-02T13:58:01.633070] ==================================================
[2026-02-03T06:30:44.085220] ==================================================
[2026-02-03T06:30:44.085359] Token Manager - Starting check
[2026-02-03T06:30:44.085404] ==================================================
[2026-02-03T06:30:44.085540] ⚠️ gcal: Token EXPIRED at 2026-02-02 23:01:50+00:00
[2026-02-03T06:30:44.085598] ❌ gcal: Client credentials not found!
[2026-02-03T06:30:44.085638] 🚨 ALERT: gcal needs attention - no_client_creds
[2026-02-03T06:30:44.908022] ✅ cloudflare: API key valid
[2026-02-03T06:30:45.121188] ✅ notion: API key valid
[2026-02-03T06:30:45.121800] ⚠️ x_twitter: No API key found in file!
[2026-02-03T06:30:45.121863] 🚨 ALERT: x_twitter needs attention - no_key
[2026-02-03T06:30:45.201911] ⚠️ ghl: API returned 404
[2026-02-03T06:30:45.202647] ==================================================
[2026-02-03T06:30:45.202704] Token Manager - Check complete
[2026-02-03T06:30:45.202740] ==================================================
[2026-02-03T06:43:35.952779] ==================================================
[2026-02-03T06:43:35.953603] Token Manager - Starting check
[2026-02-03T06:43:35.953700] ==================================================
[2026-02-03T06:43:35.953854] ⚠️ gcal: Token EXPIRED at 2026-02-02 23:01:50+00:00
[2026-02-03T06:43:35.953913] ❌ gcal: Client credentials not found!
[2026-02-03T06:43:35.953954] 🚨 ALERT: gcal needs attention - no_client_creds
[2026-02-03T06:43:36.192238] ✅ cloudflare: API key valid
[2026-02-03T06:43:36.396508] ✅ notion: API key valid
[2026-02-03T06:43:36.398050] ⚠️ x_twitter: No API key found in file!
[2026-02-03T06:43:36.398144] 🚨 ALERT: x_twitter needs attention - no_key
[2026-02-03T06:43:36.488301] ⚠️ ghl: API returned 404
[2026-02-03T06:43:36.489294] ==================================================
[2026-02-03T06:43:36.489358] Token Manager - Check complete
[2026-02-03T06:43:36.489395] ==================================================
[2026-02-03T12:30:46.077903] ==================================================
[2026-02-03T12:30:46.078041] Token Manager - Starting check
[2026-02-03T12:30:46.078096] ==================================================
[2026-02-03T12:30:46.078235] ⚠️ gcal: Token EXPIRED at 2026-02-02 23:01:50+00:00
[2026-02-03T12:30:46.078291] ❌ gcal: Client credentials not found!
[2026-02-03T12:30:46.078332] 🚨 ALERT: gcal needs attention - no_client_creds
[2026-02-03T12:30:46.983478] ✅ cloudflare: API key valid
[2026-02-03T12:30:47.260888] ✅ notion: API key valid
[2026-02-03T12:30:47.261471] ⚠️ x_twitter: No API key found in file!
[2026-02-03T12:30:47.261532] 🚨 ALERT: x_twitter needs attention - no_key
[2026-02-03T12:30:47.352412] ⚠️ ghl: API returned 404
[2026-02-03T12:30:47.353961] ==================================================
[2026-02-03T12:30:47.354035] Token Manager - Check complete
[2026-02-03T12:30:47.354072] ==================================================
[2026-02-03T18:30:48.414527] ==================================================
[2026-02-03T18:30:48.414674] Token Manager - Starting check
[2026-02-03T18:30:48.414719] ==================================================
[2026-02-03T18:30:48.414862] ⚠️ gcal: Token EXPIRED at 2026-02-02 23:01:50+00:00
[2026-02-03T18:30:48.414918] ❌ gcal: Client credentials not found!
[2026-02-03T18:30:48.414958] 🚨 ALERT: gcal needs attention - no_client_creds
[2026-02-03T18:30:49.302773] ✅ cloudflare: API key valid
[2026-02-03T18:30:49.605017] ✅ notion: API key valid
[2026-02-03T18:30:49.605623] ⚠️ x_twitter: No API key found in file!
[2026-02-03T18:30:49.605683] 🚨 ALERT: x_twitter needs attention - no_key
[2026-02-03T18:30:49.705378] ⚠️ ghl: API returned 404
[2026-02-03T18:30:49.706454] ==================================================
[2026-02-03T18:30:49.706516] Token Manager - Check complete
[2026-02-03T18:30:49.706551] ==================================================
[2026-02-04T00:30:43.150158] ==================================================
[2026-02-04T00:30:43.150964] Token Manager - Starting check
[2026-02-04T00:30:43.151085] ==================================================
[2026-02-04T00:30:43.151253] ⚠️ gcal: Token EXPIRED at 2026-02-02 23:01:50+00:00
[2026-02-04T00:30:43.151320] ❌ gcal: Client credentials not found!
[2026-02-04T00:30:43.151367] 🚨 ALERT: gcal needs attention - no_client_creds
[2026-02-04T00:30:43.305323] ✅ cloudflare: API key valid
[2026-02-04T00:30:43.684343] ✅ notion: API key valid
[2026-02-04T00:30:43.684973] ⚠️ x_twitter: No API key found in file!
[2026-02-04T00:30:43.685037] 🚨 ALERT: x_twitter needs attention - no_key
[2026-02-04T00:30:43.801892] ⚠️ ghl: API returned 404
[2026-02-04T00:30:43.802714] ==================================================
[2026-02-04T00:30:43.802773] Token Manager - Check complete
[2026-02-04T00:30:43.802809] ==================================================
[2026-02-04T11:43:45.567982] ==================================================
[2026-02-04T11:43:45.568122] Token Manager - Starting check
[2026-02-04T11:43:45.568167] ==================================================
[2026-02-04T11:43:45.568307] ⚠️ gcal: Token EXPIRED at 2026-02-04 09:00:09.077960+00:00
[2026-02-04T11:43:45.568359] ❌ gcal: Client credentials not found!
[2026-02-04T11:43:45.568395] 🚨 ALERT: gcal needs attention - no_client_creds
[2026-02-04T11:43:45.736545] ✅ cloudflare: API key valid
[2026-02-04T11:43:45.971149] ✅ notion: API key valid
[2026-02-04T11:43:45.971738] ⚠️ x_twitter: No API key found in file!
[2026-02-04T11:43:45.971798] 🚨 ALERT: x_twitter needs attention - no_key
[2026-02-04T11:43:46.054046] ⚠️ ghl: API returned 404
[2026-02-04T11:43:46.054775] ==================================================
[2026-02-04T11:43:46.054832] Token Manager - Check complete
[2026-02-04T11:43:46.054867] ==================================================
[2026-02-04T22:59:13.683189] ==================================================
[2026-02-04T22:59:13.683324] Token Manager - Starting check
[2026-02-04T22:59:13.683368] ==================================================
[2026-02-04T22:59:13.683508] ⚠️ gcal: Token EXPIRED at 2026-02-04 21:00:04.376784+00:00
[2026-02-04T22:59:13.683571] ❌ gcal: Client credentials not found!
[2026-02-04T22:59:13.683607] 🚨 ALERT: gcal needs attention - no_client_creds
[2026-02-04T22:59:14.543190] ✅ cloudflare: API key valid
[2026-02-04T22:59:14.769446] ✅ notion: API key valid
[2026-02-04T22:59:14.770027] ⚠️ x_twitter: No API key found in file!
[2026-02-04T22:59:14.770082] 🚨 ALERT: x_twitter needs attention - no_key
[2026-02-04T22:59:14.873344] ⚠️ ghl: API returned 404
[2026-02-04T22:59:14.874098] ==================================================
[2026-02-04T22:59:14.874154] Token Manager - Check complete
[2026-02-04T22:59:14.874189] ==================================================
[2026-02-05T04:59:13.686082] ==================================================
[2026-02-05T04:59:13.686254] Token Manager - Starting check
[2026-02-05T04:59:13.686312] ==================================================
[2026-02-05T04:59:13.686491] 🔄 gcal: Token expiring soon, refreshing...
[2026-02-05T04:59:13.686567] ❌ gcal: Client credentials not found!
[2026-02-05T04:59:13.686616] 🚨 ALERT: gcal needs attention - no_client_creds
[2026-02-05T04:59:14.545916] ✅ cloudflare: API key valid
[2026-02-05T04:59:14.832698] ✅ notion: API key valid
[2026-02-05T04:59:14.833408] ⚠️ x_twitter: No API key found in file!
[2026-02-05T04:59:14.833469] 🚨 ALERT: x_twitter needs attention - no_key
[2026-02-05T04:59:14.944328] ⚠️ ghl: API returned 404
[2026-02-05T04:59:14.945286] ==================================================
[2026-02-05T04:59:14.945374] Token Manager - Check complete
[2026-02-05T04:59:14.945411] ==================================================
[2026-02-05T10:59:13.204003] ==================================================
[2026-02-05T10:59:13.204138] Token Manager - Starting check
[2026-02-05T10:59:13.204182] ==================================================
[2026-02-05T10:59:13.204327] ⚠️ gcal: Token EXPIRED at 2026-02-05 09:00:03.781670+00:00
[2026-02-05T10:59:13.204382] ❌ gcal: Client credentials not found!
[2026-02-05T10:59:13.204419] 🚨 ALERT: gcal needs attention - no_client_creds
[2026-02-05T10:59:13.379775] ✅ cloudflare: API key valid
[2026-02-05T10:59:13.813960] ✅ notion: API key valid
[2026-02-05T10:59:13.814537] ⚠️ x_twitter: No API key found in file!
[2026-02-05T10:59:13.814593] 🚨 ALERT: x_twitter needs attention - no_key
[2026-02-05T10:59:13.894149] ⚠️ ghl: API returned 404
[2026-02-05T10:59:13.894844] ==================================================
[2026-02-05T10:59:13.894900] Token Manager - Check complete
[2026-02-05T10:59:13.894936] ==================================================
[2026-02-05T16:59:17.677213] ==================================================
[2026-02-05T16:59:17.677351] Token Manager - Starting check
[2026-02-05T16:59:17.677396] ==================================================
[2026-02-05T16:59:17.677537] 🔄 gcal: Token expiring soon, refreshing...
[2026-02-05T16:59:17.677593] ❌ gcal: Client credentials not found!
[2026-02-05T16:59:17.677629] 🚨 ALERT: gcal needs attention - no_client_creds
[2026-02-05T16:59:17.855848] ✅ cloudflare: API key valid
[2026-02-05T16:59:18.065863] ✅ notion: API key valid
[2026-02-05T16:59:18.066452] ⚠️ x_twitter: No API key found in file!
[2026-02-05T16:59:18.066512] 🚨 ALERT: x_twitter needs attention - no_key
[2026-02-05T16:59:18.194001] ⚠️ ghl: API returned 404
[2026-02-05T16:59:18.194763] ==================================================
[2026-02-05T16:59:18.194822] Token Manager - Check complete
[2026-02-05T16:59:18.194858] ==================================================
[2026-02-06T03:30:23.533077] ==================================================
[2026-02-06T03:30:23.533230] Token Manager - Starting check
[2026-02-06T03:30:23.533275] ==================================================
[2026-02-06T03:30:23.533421] ⚠️ gcal: Token EXPIRED at 2026-02-06 01:00:04.616349+00:00
[2026-02-06T03:30:23.533483] ❌ gcal: Client credentials not found!
[2026-02-06T03:30:23.533528] 🚨 ALERT: gcal needs attention - no_client_creds
[2026-02-06T03:30:23.692740] ✅ cloudflare: API key valid
[2026-02-06T03:30:23.911220] ✅ notion: API key valid
[2026-02-06T03:30:23.911819] ⚠️ x_twitter: No API key found in file!
[2026-02-06T03:30:23.911882] 🚨 ALERT: x_twitter needs attention - no_key
[2026-02-06T03:30:23.993140] ⚠️ ghl: API returned 404
[2026-02-06T03:30:23.993931] ==================================================
[2026-02-06T03:30:23.993991] Token Manager - Check complete
[2026-02-06T03:30:23.994026] ==================================================
[2026-02-06T09:30:22.988269] ==================================================
[2026-02-06T09:30:22.988422] Token Manager - Starting check
[2026-02-06T09:30:22.988470] ==================================================
[2026-02-06T09:30:22.988620] ⚠️ gcal: Token EXPIRED at 2026-02-06 09:00:05.024320+00:00
[2026-02-06T09:30:22.988678] ❌ gcal: Client credentials not found!
[2026-02-06T09:30:22.988717] 🚨 ALERT: gcal needs attention - no_client_creds
[2026-02-06T09:30:23.150423] ✅ cloudflare: API key valid
[2026-02-06T09:30:23.351359] ✅ notion: API key valid
[2026-02-06T09:30:23.351943] ⚠️ x_twitter: No API key found in file!
[2026-02-06T09:30:23.352082] 🚨 ALERT: x_twitter needs attention - no_key
[2026-02-06T09:30:23.433071] ⚠️ ghl: API returned 404
[2026-02-06T09:30:23.433836] ==================================================
[2026-02-06T09:30:23.433893] Token Manager - Check complete
[2026-02-06T09:30:23.433929] ==================================================
